2025-08-11 13:53:36,003 - INFO - HTTP Request: POST https://api.telegram.org/bot8295297553:AAEJcMSjez2HuDsD2x-bmokSgomsw7qd4J8/getMe "HTTP/1.1 200 OK"
2025-08-11 13:53:36,061 - INFO - HTTP Request: POST https://api.telegram.org/bot8295297553:AAEJcMSjez2HuDsD2x-bmokSgomsw7qd4J8/deleteWebhook "HTTP/1.1 200 OK"
2025-08-11 13:53:36,224 - INFO - Application started
2025-08-11 13:53:46,345 - INFO - HTTP Request: POST https://api.telegram.org/bot8295297553:AAEJcMSjez2HuDsD2x-bmokSgomsw7qd4J8/getUpdates "HTTP/1.1 200 OK"
2025-08-11 13:53:56,384 - INFO - HTTP Request: POST https://api.telegram.org/bot8295297553:AAEJcMSjez2HuDsD2x-bmokSgomsw7qd4J8/getUpdates "HTTP/1.1 200 OK"
2025-08-11 13:54:06,424 - INFO - HTTP Request: POST https://api.telegram.org/bot8295297553:AAEJcMSjez2HuDsD2x-bmokSgomsw7qd4J8/getUpdates "HTTP/1.1 200 OK"
2025-08-11 13:54:16,473 - INFO - HTTP Request: POST https://api.telegram.org/bot8295297553:AAEJcMSjez2HuDsD2x-bmokSgomsw7qd4J8/getUpdates "HTTP/1.1 200 OK"
2025-08-11 13:54:26,531 - INFO - HTTP Request: POST https://api.telegram.org/bot8295297553:AAEJcMSjez2HuDsD2x-bmokSgomsw7qd4J8/getUpdates "HTTP/1.1 200 OK"
2025-08-11 13:54:36,563 - INFO - HTTP Request: POST https://api.telegram.org/bot8295297553:AAEJcMSjez2HuDsD2x-bmokSgomsw7qd4J8/getUpdates "HTTP/1.1 200 OK"
2025-08-11 13:54:46,615 - INFO - HTTP Request: POST https://api.telegram.org/bot8295297553:AAEJcMSjez2HuDsD2x-bmokSgomsw7qd4J8/getUpdates "HTTP/1.1 200 OK"
2025-08-11 13:54:56,661 - INFO - HTTP Request: POST https://api.telegram.org/bot8295297553:AAEJcMSjez2HuDsD2x-bmokSgomsw7qd4J8/getUpdates "HTTP/1.1 200 OK"
2025-08-11 13:55:06,699 - INFO - HTTP Request: POST https://api.telegram.org/bot8295297553:AAEJcMSjez2HuDsD2x-bmokSgomsw7qd4J8/getUpdates "HTTP/1.1 200 OK"
2025-08-11 13:55:16,747 - INFO - HTTP Request: POST https://api.telegram.org/bot8295297553:AAEJcMSjez2HuDsD2x-bmokSgomsw7qd4J8/getUpdates "HTTP/1.1 200 OK"
2025-08-11 13:55:26,783 - INFO - HTTP Request: POST https://api.telegram.org/bot8295297553:AAEJcMSjez2HuDsD2x-bmokSgomsw7qd4J8/getUpdates "HTTP/1.1 200 OK"
2025-08-11 13:55:36,822 - INFO - HTTP Request: POST https://api.telegram.org/bot8295297553:AAEJcMSjez2HuDsD2x-bmokSgomsw7qd4J8/getUpdates "HTTP/1.1 200 OK"
2025-08-11 13:55:46,871 - INFO - HTTP Request: POST https://api.telegram.org/bot8295297553:AAEJcMSjez2HuDsD2x-bmokSgomsw7qd4J8/getUpdates "HTTP/1.1 200 OK"
2025-08-11 13:55:56,910 - INFO - HTTP Request: POST https://api.telegram.org/bot8295297553:AAEJcMSjez2HuDsD2x-bmokSgomsw7qd4J8/getUpdates "HTTP/1.1 200 OK"
2025-08-11 13:56:06,950 - INFO - HTTP Request: POST https://api.telegram.org/bot8295297553:AAEJcMSjez2HuDsD2x-bmokSgomsw7qd4J8/getUpdates "HTTP/1.1 200 OK"
2025-08-11 13:56:16,991 - INFO - HTTP Request: POST https://api.telegram.org/bot8295297553:AAEJcMSjez2HuDsD2x-bmokSgomsw7qd4J8/getUpdates "HTTP/1.1 200 OK"
2025-08-11 13:56:27,032 - INFO - HTTP Request: POST https://api.telegram.org/bot8295297553:AAEJcMSjez2HuDsD2x-bmokSgomsw7qd4J8/getUpdates "HTTP/1.1 200 OK"
2025-08-11 13:56:37,063 - INFO - HTTP Request: POST https://api.telegram.org/bot8295297553:AAEJcMSjez2HuDsD2x-bmokSgomsw7qd4J8/getUpdates "HTTP/1.1 200 OK"
2025-08-11 13:56:47,107 - INFO - HTTP Request: POST https://api.telegram.org/bot8295297553:AAEJcMSjez2HuDsD2x-bmokSgomsw7qd4J8/getUpdates "HTTP/1.1 200 OK"
2025-08-11 13:56:57,144 - INFO - HTTP Request: POST https://api.telegram.org/bot8295297553:AAEJcMSjez2HuDsD2x-bmokSgomsw7qd4J8/getUpdates "HTTP/1.1 200 OK"
2025-08-11 13:57:07,183 - INFO - HTTP Request: POST https://api.telegram.org/bot8295297553:AAEJcMSjez2HuDsD2x-bmokSgomsw7qd4J8/getUpdates "HTTP/1.1 200 OK"
2025-08-11 13:57:17,224 - INFO - HTTP Request: POST https://api.telegram.org/bot8295297553:AAEJcMSjez2HuDsD2x-bmokSgomsw7qd4J8/getUpdates "HTTP/1.1 200 OK"
2025-08-11 13:57:27,262 - INFO - HTTP Request: POST https://api.telegram.org/bot8295297553:AAEJcMSjez2HuDsD2x-bmokSgomsw7qd4J8/getUpdates "HTTP/1.1 200 OK"
2025-08-11 13:57:37,302 - INFO - HTTP Request: POST https://api.telegram.org/bot8295297553:AAEJcMSjez2HuDsD2x-bmokSgomsw7qd4J8/getUpdates "HTTP/1.1 200 OK"
2025-08-11 13:57:47,341 - INFO - HTTP Request: POST https://api.telegram.org/bot8295297553:AAEJcMSjez2HuDsD2x-bmokSgomsw7qd4J8/getUpdates "HTTP/1.1 200 OK"
2025-08-11 13:57:57,392 - INFO - HTTP Request: POST https://api.telegram.org/bot8295297553:AAEJcMSjez2HuDsD2x-bmokSgomsw7qd4J8/getUpdates "HTTP/1.1 200 OK"
2025-08-11 13:58:07,450 - INFO - HTTP Request: POST https://api.telegram.org/bot8295297553:AAEJcMSjez2HuDsD2x-bmokSgomsw7qd4J8/getUpdates "HTTP/1.1 200 OK"
2025-08-11 13:58:17,508 - INFO - HTTP Request: POST https://api.telegram.org/bot8295297553:AAEJcMSjez2HuDsD2x-bmokSgomsw7qd4J8/getUpdates "HTTP/1.1 200 OK"
2025-08-11 13:58:27,545 - INFO - HTTP Request: POST https://api.telegram.org/bot8295297553:AAEJcMSjez2HuDsD2x-bmokSgomsw7qd4J8/getUpdates "HTTP/1.1 200 OK"
2025-08-11 13:58:37,590 - INFO - HTTP Request: POST https://api.telegram.org/bot8295297553:AAEJcMSjez2HuDsD2x-bmokSgomsw7qd4J8/getUpdates "HTTP/1.1 200 OK"
2025-08-11 13:58:47,625 - INFO - HTTP Request: POST https://api.telegram.org/bot8295297553:AAEJcMSjez2HuDsD2x-bmokSgomsw7qd4J8/getUpdates "HTTP/1.1 200 OK"
2025-08-11 13:58:57,659 - INFO - HTTP Request: POST https://api.telegram.org/bot8295297553:AAEJcMSjez2HuDsD2x-bmokSgomsw7qd4J8/getUpdates "HTTP/1.1 200 OK"
2025-08-11 13:59:07,698 - INFO - HTTP Request: POST https://api.telegram.org/bot8295297553:AAEJcMSjez2HuDsD2x-bmokSgomsw7qd4J8/getUpdates "HTTP/1.1 200 OK"
2025-08-11 13:59:17,736 - INFO - HTTP Request: POST https://api.telegram.org/bot8295297553:AAEJcMSjez2HuDsD2x-bmokSgomsw7qd4J8/getUpdates "HTTP/1.1 200 OK"
2025-08-11 13:59:27,784 - INFO - HTTP Request: POST https://api.telegram.org/bot8295297553:AAEJcMSjez2HuDsD2x-bmokSgomsw7qd4J8/getUpdates "HTTP/1.1 200 OK"
2025-08-11 13:59:37,825 - INFO - HTTP Request: POST https://api.telegram.org/bot8295297553:AAEJcMSjez2HuDsD2x-bmokSgomsw7qd4J8/getUpdates "HTTP/1.1 200 OK"
2025-08-11 13:59:47,878 - INFO - HTTP Request: POST https://api.telegram.org/bot8295297553:AAEJcMSjez2HuDsD2x-bmokSgomsw7qd4J8/getUpdates "HTTP/1.1 200 OK"
2025-08-11 13:59:57,916 - INFO - HTTP Request: POST https://api.telegram.org/bot8295297553:AAEJcMSjez2HuDsD2x-bmokSgomsw7qd4J8/getUpdates "HTTP/1.1 200 OK"
2025-08-11 14:00:07,983 - INFO - HTTP Request: POST https://api.telegram.org/bot8295297553:AAEJcMSjez2HuDsD2x-bmokSgomsw7qd4J8/getUpdates "HTTP/1.1 200 OK"
2025-08-11 14:00:18,033 - INFO - HTTP Request: POST https://api.telegram.org/bot8295297553:AAEJcMSjez2HuDsD2x-bmokSgomsw7qd4J8/getUpdates "HTTP/1.1 200 OK"
2025-08-11 14:00:28,071 - INFO - HTTP Request: POST https://api.telegram.org/bot8295297553:AAEJcMSjez2HuDsD2x-bmokSgomsw7qd4J8/getUpdates "HTTP/1.1 200 OK"
2025-08-11 14:00:38,107 - INFO - HTTP Request: POST https://api.telegram.org/bot8295297553:AAEJcMSjez2HuDsD2x-bmokSgomsw7qd4J8/getUpdates "HTTP/1.1 200 OK"
2025-08-11 14:00:48,156 - INFO - HTTP Request: POST https://api.telegram.org/bot8295297553:AAEJcMSjez2HuDsD2x-bmokSgomsw7qd4J8/getUpdates "HTTP/1.1 200 OK"
2025-08-11 14:00:58,195 - INFO - HTTP Request: POST https://api.telegram.org/bot8295297553:AAEJcMSjez2HuDsD2x-bmokSgomsw7qd4J8/getUpdates "HTTP/1.1 200 OK"
2025-08-11 14:01:08,235 - INFO - HTTP Request: POST https://api.telegram.org/bot8295297553:AAEJcMSjez2HuDsD2x-bmokSgomsw7qd4J8/getUpdates "HTTP/1.1 200 OK"
2025-08-11 14:01:18,282 - INFO - HTTP Request: POST https://api.telegram.org/bot8295297553:AAEJcMSjez2HuDsD2x-bmokSgomsw7qd4J8/getUpdates "HTTP/1.1 200 OK"
2025-08-11 14:01:28,335 - INFO - HTTP Request: POST https://api.telegram.org/bot8295297553:AAEJcMSjez2HuDsD2x-bmokSgomsw7qd4J8/getUpdates "HTTP/1.1 200 OK"
2025-08-11 14:01:38,375 - INFO - HTTP Request: POST https://api.telegram.org/bot8295297553:AAEJcMSjez2HuDsD2x-bmokSgomsw7qd4J8/getUpdates "HTTP/1.1 200 OK"
2025-08-11 14:01:48,417 - INFO - HTTP Request: POST https://api.telegram.org/bot8295297553:AAEJcMSjez2HuDsD2x-bmokSgomsw7qd4J8/getUpdates "HTTP/1.1 200 OK"
2025-08-11 14:01:58,473 - INFO - HTTP Request: POST https://api.telegram.org/bot8295297553:AAEJcMSjez2HuDsD2x-bmokSgomsw7qd4J8/getUpdates "HTTP/1.1 200 OK"
2025-08-11 14:02:08,517 - INFO - HTTP Request: POST https://api.telegram.org/bot8295297553:AAEJcMSjez2HuDsD2x-bmokSgomsw7qd4J8/getUpdates "HTTP/1.1 200 OK"
2025-08-11 14:02:18,560 - INFO - HTTP Request: POST https://api.telegram.org/bot8295297553:AAEJcMSjez2HuDsD2x-bmokSgomsw7qd4J8/getUpdates "HTTP/1.1 200 OK"
2025-08-11 14:02:28,603 - INFO - HTTP Request: POST https://api.telegram.org/bot8295297553:AAEJcMSjez2HuDsD2x-bmokSgomsw7qd4J8/getUpdates "HTTP/1.1 200 OK"
2025-08-11 14:02:38,648 - INFO - HTTP Request: POST https://api.telegram.org/bot8295297553:AAEJcMSjez2HuDsD2x-bmokSgomsw7qd4J8/getUpdates "HTTP/1.1 200 OK"
2025-08-11 14:02:48,704 - INFO - HTTP Request: POST https://api.telegram.org/bot8295297553:AAEJcMSjez2HuDsD2x-bmokSgomsw7qd4J8/getUpdates "HTTP/1.1 200 OK"
2025-08-11 14:02:58,741 - INFO - HTTP Request: POST https://api.telegram.org/bot8295297553:AAEJcMSjez2HuDsD2x-bmokSgomsw7qd4J8/getUpdates "HTTP/1.1 200 OK"
2025-08-11 14:03:08,786 - INFO - HTTP Request: POST https://api.telegram.org/bot8295297553:AAEJcMSjez2HuDsD2x-bmokSgomsw7qd4J8/getUpdates "HTTP/1.1 200 OK"
2025-08-11 14:03:18,833 - INFO - HTTP Request: POST https://api.telegram.org/bot8295297553:AAEJcMSjez2HuDsD2x-bmokSgomsw7qd4J8/getUpdates "HTTP/1.1 200 OK"
2025-08-11 14:03:28,876 - INFO - HTTP Request: POST https://api.telegram.org/bot8295297553:AAEJcMSjez2HuDsD2x-bmokSgomsw7qd4J8/getUpdates "HTTP/1.1 200 OK"
2025-08-11 14:03:38,916 - INFO - HTTP Request: POST https://api.telegram.org/bot8295297553:AAEJcMSjez2HuDsD2x-bmokSgomsw7qd4J8/getUpdates "HTTP/1.1 200 OK"
2025-08-11 14:03:48,954 - INFO - HTTP Request: POST https://api.telegram.org/bot8295297553:AAEJcMSjez2HuDsD2x-bmokSgomsw7qd4J8/getUpdates "HTTP/1.1 200 OK"
2025-08-11 14:03:58,992 - INFO - HTTP Request: POST https://api.telegram.org/bot8295297553:AAEJcMSjez2HuDsD2x-bmokSgomsw7qd4J8/getUpdates "HTTP/1.1 200 OK"
2025-08-11 14:04:09,033 - INFO - HTTP Request: POST https://api.telegram.org/bot8295297553:AAEJcMSjez2HuDsD2x-bmokSgomsw7qd4J8/getUpdates "HTTP/1.1 200 OK"
2025-08-11 14:04:19,073 - INFO - HTTP Request: POST https://api.telegram.org/bot8295297553:AAEJcMSjez2HuDsD2x-bmokSgomsw7qd4J8/getUpdates "HTTP/1.1 200 OK"
2025-08-11 14:04:29,110 - INFO - HTTP Request: POST https://api.telegram.org/bot8295297553:AAEJcMSjez2HuDsD2x-bmokSgomsw7qd4J8/getUpdates "HTTP/1.1 200 OK"
2025-08-11 14:04:39,158 - INFO - HTTP Request: POST https://api.telegram.org/bot8295297553:AAEJcMSjez2HuDsD2x-bmokSgomsw7qd4J8/getUpdates "HTTP/1.1 200 OK"
2025-08-11 14:04:49,200 - INFO - HTTP Request: POST https://api.telegram.org/bot8295297553:AAEJcMSjez2HuDsD2x-bmokSgomsw7qd4J8/getUpdates "HTTP/1.1 200 OK"
2025-08-11 14:04:59,239 - INFO - HTTP Request: POST https://api.telegram.org/bot8295297553:AAEJcMSjez2HuDsD2x-bmokSgomsw7qd4J8/getUpdates "HTTP/1.1 200 OK"
2025-08-11 14:05:09,279 - INFO - HTTP Request: POST https://api.telegram.org/bot8295297553:AAEJcMSjez2HuDsD2x-bmokSgomsw7qd4J8/getUpdates "HTTP/1.1 200 OK"
2025-08-11 14:05:19,321 - INFO - HTTP Request: POST https://api.telegram.org/bot8295297553:AAEJcMSjez2HuDsD2x-bmokSgomsw7qd4J8/getUpdates "HTTP/1.1 200 OK"
2025-08-11 14:05:29,359 - INFO - HTTP Request: POST https://api.telegram.org/bot8295297553:AAEJcMSjez2HuDsD2x-bmokSgomsw7qd4J8/getUpdates "HTTP/1.1 200 OK"
2025-08-11 14:05:39,398 - INFO - HTTP Request: POST https://api.telegram.org/bot8295297553:AAEJcMSjez2HuDsD2x-bmokSgomsw7qd4J8/getUpdates "HTTP/1.1 200 OK"
2025-08-11 14:05:49,437 - INFO - HTTP Request: POST https://api.telegram.org/bot8295297553:AAEJcMSjez2HuDsD2x-bmokSgomsw7qd4J8/getUpdates "HTTP/1.1 200 OK"
2025-08-11 14:05:59,475 - INFO - HTTP Request: POST https://api.telegram.org/bot8295297553:AAEJcMSjez2HuDsD2x-bmokSgomsw7qd4J8/getUpdates "HTTP/1.1 200 OK"
2025-08-11 14:06:09,514 - INFO - HTTP Request: POST https://api.telegram.org/bot8295297553:AAEJcMSjez2HuDsD2x-bmokSgomsw7qd4J8/getUpdates "HTTP/1.1 200 OK"
2025-08-11 14:06:19,555 - INFO - HTTP Request: POST https://api.telegram.org/bot8295297553:AAEJcMSjez2HuDsD2x-bmokSgomsw7qd4J8/getUpdates "HTTP/1.1 200 OK"
2025-08-11 14:06:29,603 - INFO - HTTP Request: POST https://api.telegram.org/bot8295297553:AAEJcMSjez2HuDsD2x-bmokSgomsw7qd4J8/getUpdates "HTTP/1.1 200 OK"
2025-08-11 14:06:39,639 - INFO - HTTP Request: POST https://api.telegram.org/bot8295297553:AAEJcMSjez2HuDsD2x-bmokSgomsw7qd4J8/getUpdates "HTTP/1.1 200 OK"
2025-08-11 14:06:49,675 - INFO - HTTP Request: POST https://api.telegram.org/bot8295297553:AAEJcMSjez2HuDsD2x-bmokSgomsw7qd4J8/getUpdates "HTTP/1.1 200 OK"
2025-08-11 14:06:59,721 - INFO - HTTP Request: POST https://api.telegram.org/bot8295297553:AAEJcMSjez2HuDsD2x-bmokSgomsw7qd4J8/getUpdates "HTTP/1.1 200 OK"
2025-08-11 14:07:09,759 - INFO - HTTP Request: POST https://api.telegram.org/bot8295297553:AAEJcMSjez2HuDsD2x-bmokSgomsw7qd4J8/getUpdates "HTTP/1.1 200 OK"
2025-08-11 14:07:19,796 - INFO - HTTP Request: POST https://api.telegram.org/bot8295297553:AAEJcMSjez2HuDsD2x-bmokSgomsw7qd4J8/getUpdates "HTTP/1.1 200 OK"
2025-08-11 14:07:29,832 - INFO - HTTP Request: POST https://api.telegram.org/bot8295297553:AAEJcMSjez2HuDsD2x-bmokSgomsw7qd4J8/getUpdates "HTTP/1.1 200 OK"
2025-08-11 14:07:39,866 - INFO - HTTP Request: POST https://api.telegram.org/bot8295297553:AAEJcMSjez2HuDsD2x-bmokSgomsw7qd4J8/getUpdates "HTTP/1.1 200 OK"
2025-08-11 14:07:49,903 - INFO - HTTP Request: POST https://api.telegram.org/bot8295297553:AAEJcMSjez2HuDsD2x-bmokSgomsw7qd4J8/getUpdates "HTTP/1.1 200 OK"
2025-08-11 14:07:59,939 - INFO - HTTP Request: POST https://api.telegram.org/bot8295297553:AAEJcMSjez2HuDsD2x-bmokSgomsw7qd4J8/getUpdates "HTTP/1.1 200 OK"
2025-08-11 14:08:09,976 - INFO - HTTP Request: POST https://api.telegram.org/bot8295297553:AAEJcMSjez2HuDsD2x-bmokSgomsw7qd4J8/getUpdates "HTTP/1.1 200 OK"
2025-08-11 14:08:20,023 - INFO - HTTP Request: POST https://api.telegram.org/bot8295297553:AAEJcMSjez2HuDsD2x-bmokSgomsw7qd4J8/getUpdates "HTTP/1.1 200 OK"
2025-08-11 14:08:30,059 - INFO - HTTP Request: POST https://api.telegram.org/bot8295297553:AAEJcMSjez2HuDsD2x-bmokSgomsw7qd4J8/getUpdates "HTTP/1.1 200 OK"
2025-08-11 14:08:40,105 - INFO - HTTP Request: POST https://api.telegram.org/bot8295297553:AAEJcMSjez2HuDsD2x-bmokSgomsw7qd4J8/getUpdates "HTTP/1.1 200 OK"
2025-08-11 14:08:50,156 - INFO - HTTP Request: POST https://api.telegram.org/bot8295297553:AAEJcMSjez2HuDsD2x-bmokSgomsw7qd4J8/getUpdates "HTTP/1.1 200 OK"
2025-08-11 14:09:00,196 - INFO - HTTP Request: POST https://api.telegram.org/bot8295297553:AAEJcMSjez2HuDsD2x-bmokSgomsw7qd4J8/getUpdates "HTTP/1.1 200 OK"
2025-08-11 14:09:10,242 - INFO - HTTP Request: POST https://api.telegram.org/bot8295297553:AAEJcMSjez2HuDsD2x-bmokSgomsw7qd4J8/getUpdates "HTTP/1.1 200 OK"
2025-08-11 14:09:20,282 - INFO - HTTP Request: POST https://api.telegram.org/bot8295297553:AAEJcMSjez2HuDsD2x-bmokSgomsw7qd4J8/getUpdates "HTTP/1.1 200 OK"
2025-08-11 14:09:30,338 - INFO - HTTP Request: POST https://api.telegram.org/bot8295297553:AAEJcMSjez2HuDsD2x-bmokSgomsw7qd4J8/getUpdates "HTTP/1.1 200 OK"
2025-08-11 14:09:40,384 - INFO - HTTP Request: POST https://api.telegram.org/bot8295297553:AAEJcMSjez2HuDsD2x-bmokSgomsw7qd4J8/getUpdates "HTTP/1.1 200 OK"
2025-08-11 14:09:50,431 - INFO - HTTP Request: POST https://api.telegram.org/bot8295297553:AAEJcMSjez2HuDsD2x-bmokSgomsw7qd4J8/getUpdates "HTTP/1.1 200 OK"
2025-08-11 14:10:00,476 - INFO - HTTP Request: POST https://api.telegram.org/bot8295297553:AAEJcMSjez2HuDsD2x-bmokSgomsw7qd4J8/getUpdates "HTTP/1.1 200 OK"
2025-08-11 14:10:10,515 - INFO - HTTP Request: POST https://api.telegram.org/bot8295297553:AAEJcMSjez2HuDsD2x-bmokSgomsw7qd4J8/getUpdates "HTTP/1.1 200 OK"
2025-08-11 14:10:20,586 - INFO - HTTP Request: POST https://api.telegram.org/bot8295297553:AAEJcMSjez2HuDsD2x-bmokSgomsw7qd4J8/getUpdates "HTTP/1.1 200 OK"
2025-08-11 14:10:30,759 - INFO - HTTP Request: POST https://api.telegram.org/bot8295297553:AAEJcMSjez2HuDsD2x-bmokSgomsw7qd4J8/getUpdates "HTTP/1.1 200 OK"
2025-08-11 14:10:40,807 - INFO - HTTP Request: POST https://api.telegram.org/bot8295297553:AAEJcMSjez2HuDsD2x-bmokSgomsw7qd4J8/getUpdates "HTTP/1.1 200 OK"
2025-08-11 14:10:50,847 - INFO - HTTP Request: POST https://api.telegram.org/bot8295297553:AAEJcMSjez2HuDsD2x-bmokSgomsw7qd4J8/getUpdates "HTTP/1.1 200 OK"
2025-08-11 14:11:00,888 - INFO - HTTP Request: POST https://api.telegram.org/bot8295297553:AAEJcMSjez2HuDsD2x-bmokSgomsw7qd4J8/getUpdates "HTTP/1.1 200 OK"
2025-08-11 14:11:10,952 - INFO - HTTP Request: POST https://api.telegram.org/bot8295297553:AAEJcMSjez2HuDsD2x-bmokSgomsw7qd4J8/getUpdates "HTTP/1.1 200 OK"
2025-08-11 14:11:20,990 - INFO - HTTP Request: POST https://api.telegram.org/bot8295297553:AAEJcMSjez2HuDsD2x-bmokSgomsw7qd4J8/getUpdates "HTTP/1.1 200 OK"
2025-08-11 14:11:31,038 - INFO - HTTP Request: POST https://api.telegram.org/bot8295297553:AAEJcMSjez2HuDsD2x-bmokSgomsw7qd4J8/getUpdates "HTTP/1.1 200 OK"
2025-08-11 14:11:41,101 - INFO - HTTP Request: POST https://api.telegram.org/bot8295297553:AAEJcMSjez2HuDsD2x-bmokSgomsw7qd4J8/getUpdates "HTTP/1.1 200 OK"
2025-08-11 14:11:51,144 - INFO - HTTP Request: POST https://api.telegram.org/bot8295297553:AAEJcMSjez2HuDsD2x-bmokSgomsw7qd4J8/getUpdates "HTTP/1.1 200 OK"
2025-08-11 14:12:01,188 - INFO - HTTP Request: POST https://api.telegram.org/bot8295297553:AAEJcMSjez2HuDsD2x-bmokSgomsw7qd4J8/getUpdates "HTTP/1.1 200 OK"
2025-08-11 14:12:11,228 - INFO - HTTP Request: POST https://api.telegram.org/bot8295297553:AAEJcMSjez2HuDsD2x-bmokSgomsw7qd4J8/getUpdates "HTTP/1.1 200 OK"
2025-08-11 14:12:21,272 - INFO - HTTP Request: POST https://api.telegram.org/bot8295297553:AAEJcMSjez2HuDsD2x-bmokSgomsw7qd4J8/getUpdates "HTTP/1.1 200 OK"
2025-08-11 14:12:31,329 - INFO - HTTP Request: POST https://api.telegram.org/bot8295297553:AAEJcMSjez2HuDsD2x-bmokSgomsw7qd4J8/getUpdates "HTTP/1.1 200 OK"
2025-08-11 14:12:41,371 - INFO - HTTP Request: POST https://api.telegram.org/bot8295297553:AAEJcMSjez2HuDsD2x-bmokSgomsw7qd4J8/getUpdates "HTTP/1.1 200 OK"
2025-08-11 14:12:51,412 - INFO - HTTP Request: POST https://api.telegram.org/bot8295297553:AAEJcMSjez2HuDsD2x-bmokSgomsw7qd4J8/getUpdates "HTTP/1.1 200 OK"
2025-08-11 14:13:01,466 - INFO - HTTP Request: POST https://api.telegram.org/bot8295297553:AAEJcMSjez2HuDsD2x-bmokSgomsw7qd4J8/getUpdates "HTTP/1.1 200 OK"
2025-08-11 14:13:11,509 - INFO - HTTP Request: POST https://api.telegram.org/bot8295297553:AAEJcMSjez2HuDsD2x-bmokSgomsw7qd4J8/getUpdates "HTTP/1.1 200 OK"
2025-08-11 14:13:21,547 - INFO - HTTP Request: POST https://api.telegram.org/bot8295297553:AAEJcMSjez2HuDsD2x-bmokSgomsw7qd4J8/getUpdates "HTTP/1.1 200 OK"
2025-08-11 14:13:31,587 - INFO - HTTP Request: POST https://api.telegram.org/bot8295297553:AAEJcMSjez2HuDsD2x-bmokSgomsw7qd4J8/getUpdates "HTTP/1.1 200 OK"
2025-08-11 14:13:41,637 - INFO - HTTP Request: POST https://api.telegram.org/bot8295297553:AAEJcMSjez2HuDsD2x-bmokSgomsw7qd4J8/getUpdates "HTTP/1.1 200 OK"
2025-08-11 14:13:51,687 - INFO - HTTP Request: POST https://api.telegram.org/bot8295297553:AAEJcMSjez2HuDsD2x-bmokSgomsw7qd4J8/getUpdates "HTTP/1.1 200 OK"
2025-08-11 14:14:01,728 - INFO - HTTP Request: POST https://api.telegram.org/bot8295297553:AAEJcMSjez2HuDsD2x-bmokSgomsw7qd4J8/getUpdates "HTTP/1.1 200 OK"
2025-08-11 14:14:11,767 - INFO - HTTP Request: POST https://api.telegram.org/bot8295297553:AAEJcMSjez2HuDsD2x-bmokSgomsw7qd4J8/getUpdates "HTTP/1.1 200 OK"
2025-08-11 14:14:21,812 - INFO - HTTP Request: POST https://api.telegram.org/bot8295297553:AAEJcMSjez2HuDsD2x-bmokSgomsw7qd4J8/getUpdates "HTTP/1.1 200 OK"
2025-08-11 14:14:31,852 - INFO - HTTP Request: POST https://api.telegram.org/bot8295297553:AAEJcMSjez2HuDsD2x-bmokSgomsw7qd4J8/getUpdates "HTTP/1.1 200 OK"
2025-08-11 14:14:41,906 - INFO - HTTP Request: POST https://api.telegram.org/bot8295297553:AAEJcMSjez2HuDsD2x-bmokSgomsw7qd4J8/getUpdates "HTTP/1.1 200 OK"
2025-08-11 14:14:51,947 - INFO - HTTP Request: POST https://api.telegram.org/bot8295297553:AAEJcMSjez2HuDsD2x-bmokSgomsw7qd4J8/getUpdates "HTTP/1.1 200 OK"
2025-08-11 14:15:02,001 - INFO - HTTP Request: POST https://api.telegram.org/bot8295297553:AAEJcMSjez2HuDsD2x-bmokSgomsw7qd4J8/getUpdates "HTTP/1.1 200 OK"
2025-08-11 14:15:12,044 - INFO - HTTP Request: POST https://api.telegram.org/bot8295297553:AAEJcMSjez2HuDsD2x-bmokSgomsw7qd4J8/getUpdates "HTTP/1.1 200 OK"
2025-08-11 14:15:22,088 - INFO - HTTP Request: POST https://api.telegram.org/bot8295297553:AAEJcMSjez2HuDsD2x-bmokSgomsw7qd4J8/getUpdates "HTTP/1.1 200 OK"
2025-08-11 14:15:32,127 - INFO - HTTP Request: POST https://api.telegram.org/bot8295297553:AAEJcMSjez2HuDsD2x-bmokSgomsw7qd4J8/getUpdates "HTTP/1.1 200 OK"
2025-08-11 14:15:42,168 - INFO - HTTP Request: POST https://api.telegram.org/bot8295297553:AAEJcMSjez2HuDsD2x-bmokSgomsw7qd4J8/getUpdates "HTTP/1.1 200 OK"
2025-08-11 14:15:52,218 - INFO - HTTP Request: POST https://api.telegram.org/bot8295297553:AAEJcMSjez2HuDsD2x-bmokSgomsw7qd4J8/getUpdates "HTTP/1.1 200 OK"
2025-08-11 14:16:02,266 - INFO - HTTP Request: POST https://api.telegram.org/bot8295297553:AAEJcMSjez2HuDsD2x-bmokSgomsw7qd4J8/getUpdates "HTTP/1.1 200 OK"
2025-08-11 14:16:12,311 - INFO - HTTP Request: POST https://api.telegram.org/bot8295297553:AAEJcMSjez2HuDsD2x-bmokSgomsw7qd4J8/getUpdates "HTTP/1.1 200 OK"
2025-08-11 14:16:22,348 - INFO - HTTP Request: POST https://api.telegram.org/bot8295297553:AAEJcMSjez2HuDsD2x-bmokSgomsw7qd4J8/getUpdates "HTTP/1.1 200 OK"
2025-08-11 14:16:32,385 - INFO - HTTP Request: POST https://api.telegram.org/bot8295297553:AAEJcMSjez2HuDsD2x-bmokSgomsw7qd4J8/getUpdates "HTTP/1.1 200 OK"
2025-08-11 14:16:42,426 - INFO - HTTP Request: POST https://api.telegram.org/bot8295297553:AAEJcMSjez2HuDsD2x-bmokSgomsw7qd4J8/getUpdates "HTTP/1.1 200 OK"
2025-08-11 14:16:52,488 - INFO - HTTP Request: POST https://api.telegram.org/bot8295297553:AAEJcMSjez2HuDsD2x-bmokSgomsw7qd4J8/getUpdates "HTTP/1.1 200 OK"
2025-08-11 14:17:02,527 - INFO - HTTP Request: POST https://api.telegram.org/bot8295297553:AAEJcMSjez2HuDsD2x-bmokSgomsw7qd4J8/getUpdates "HTTP/1.1 200 OK"
2025-08-11 14:17:12,565 - INFO - HTTP Request: POST https://api.telegram.org/bot8295297553:AAEJcMSjez2HuDsD2x-bmokSgomsw7qd4J8/getUpdates "HTTP/1.1 200 OK"
2025-08-11 14:17:22,605 - INFO - HTTP Request: POST https://api.telegram.org/bot8295297553:AAEJcMSjez2HuDsD2x-bmokSgomsw7qd4J8/getUpdates "HTTP/1.1 200 OK"
2025-08-11 14:17:32,647 - INFO - HTTP Request: POST https://api.telegram.org/bot8295297553:AAEJcMSjez2HuDsD2x-bmokSgomsw7qd4J8/getUpdates "HTTP/1.1 200 OK"
2025-08-11 14:17:42,700 - INFO - HTTP Request: POST https://api.telegram.org/bot8295297553:AAEJcMSjez2HuDsD2x-bmokSgomsw7qd4J8/getUpdates "HTTP/1.1 200 OK"
2025-08-11 14:17:52,743 - INFO - HTTP Request: POST https://api.telegram.org/bot8295297553:AAEJcMSjez2HuDsD2x-bmokSgomsw7qd4J8/getUpdates "HTTP/1.1 200 OK"
2025-08-11 14:18:02,789 - INFO - HTTP Request: POST https://api.telegram.org/bot8295297553:AAEJcMSjez2HuDsD2x-bmokSgomsw7qd4J8/getUpdates "HTTP/1.1 200 OK"
2025-08-11 14:18:12,823 - INFO - HTTP Request: POST https://api.telegram.org/bot8295297553:AAEJcMSjez2HuDsD2x-bmokSgomsw7qd4J8/getUpdates "HTTP/1.1 200 OK"
2025-08-11 14:18:22,860 - INFO - HTTP Request: POST https://api.telegram.org/bot8295297553:AAEJcMSjez2HuDsD2x-bmokSgomsw7qd4J8/getUpdates "HTTP/1.1 200 OK"
2025-08-11 14:18:32,927 - INFO - HTTP Request: POST https://api.telegram.org/bot8295297553:AAEJcMSjez2HuDsD2x-bmokSgomsw7qd4J8/getUpdates "HTTP/1.1 200 OK"
2025-08-11 14:18:42,966 - INFO - HTTP Request: POST https://api.telegram.org/bot8295297553:AAEJcMSjez2HuDsD2x-bmokSgomsw7qd4J8/getUpdates "HTTP/1.1 200 OK"
2025-08-11 14:18:53,015 - INFO - HTTP Request: POST https://api.telegram.org/bot8295297553:AAEJcMSjez2HuDsD2x-bmokSgomsw7qd4J8/getUpdates "HTTP/1.1 200 OK"
2025-08-11 14:19:03,071 - INFO - HTTP Request: POST https://api.telegram.org/bot8295297553:AAEJcMSjez2HuDsD2x-bmokSgomsw7qd4J8/getUpdates "HTTP/1.1 200 OK"
2025-08-11 14:19:13,111 - INFO - HTTP Request: POST https://api.telegram.org/bot8295297553:AAEJcMSjez2HuDsD2x-bmokSgomsw7qd4J8/getUpdates "HTTP/1.1 200 OK"
2025-08-11 14:19:23,157 - INFO - HTTP Request: POST https://api.telegram.org/bot8295297553:AAEJcMSjez2HuDsD2x-bmokSgomsw7qd4J8/getUpdates "HTTP/1.1 200 OK"
2025-08-11 14:19:33,204 - INFO - HTTP Request: POST https://api.telegram.org/bot8295297553:AAEJcMSjez2HuDsD2x-bmokSgomsw7qd4J8/getUpdates "HTTP/1.1 200 OK"
2025-08-11 14:19:43,258 - INFO - HTTP Request: POST https://api.telegram.org/bot8295297553:AAEJcMSjez2HuDsD2x-bmokSgomsw7qd4J8/getUpdates "HTTP/1.1 200 OK"
2025-08-11 14:19:53,291 - INFO - HTTP Request: POST https://api.telegram.org/bot8295297553:AAEJcMSjez2HuDsD2x-bmokSgomsw7qd4J8/getUpdates "HTTP/1.1 200 OK"
2025-08-11 14:20:03,324 - INFO - HTTP Request: POST https://api.telegram.org/bot8295297553:AAEJcMSjez2HuDsD2x-bmokSgomsw7qd4J8/getUpdates "HTTP/1.1 200 OK"
2025-08-11 14:20:13,365 - INFO - HTTP Request: POST https://api.telegram.org/bot8295297553:AAEJcMSjez2HuDsD2x-bmokSgomsw7qd4J8/getUpdates "HTTP/1.1 200 OK"
2025-08-11 14:20:23,435 - INFO - HTTP Request: POST https://api.telegram.org/bot8295297553:AAEJcMSjez2HuDsD2x-bmokSgomsw7qd4J8/getUpdates "HTTP/1.1 200 OK"
2025-08-11 14:20:33,478 - INFO - HTTP Request: POST https://api.telegram.org/bot8295297553:AAEJcMSjez2HuDsD2x-bmokSgomsw7qd4J8/getUpdates "HTTP/1.1 200 OK"
2025-08-11 14:20:43,515 - INFO - HTTP Request: POST https://api.telegram.org/bot8295297553:AAEJcMSjez2HuDsD2x-bmokSgomsw7qd4J8/getUpdates "HTTP/1.1 200 OK"
2025-08-11 14:20:53,552 - INFO - HTTP Request: POST https://api.telegram.org/bot8295297553:AAEJcMSjez2HuDsD2x-bmokSgomsw7qd4J8/getUpdates "HTTP/1.1 200 OK"
2025-08-11 14:21:03,591 - INFO - HTTP Request: POST https://api.telegram.org/bot8295297553:AAEJcMSjez2HuDsD2x-bmokSgomsw7qd4J8/getUpdates "HTTP/1.1 200 OK"
2025-08-11 14:21:13,633 - INFO - HTTP Request: POST https://api.telegram.org/bot8295297553:AAEJcMSjez2HuDsD2x-bmokSgomsw7qd4J8/getUpdates "HTTP/1.1 200 OK"
2025-08-11 14:21:23,694 - INFO - HTTP Request: POST https://api.telegram.org/bot8295297553:AAEJcMSjez2HuDsD2x-bmokSgomsw7qd4J8/getUpdates "HTTP/1.1 200 OK"
2025-08-11 14:21:33,732 - INFO - HTTP Request: POST https://api.telegram.org/bot8295297553:AAEJcMSjez2HuDsD2x-bmokSgomsw7qd4J8/getUpdates "HTTP/1.1 200 OK"
2025-08-11 14:21:43,786 - INFO - HTTP Request: POST https://api.telegram.org/bot8295297553:AAEJcMSjez2HuDsD2x-bmokSgomsw7qd4J8/getUpdates "HTTP/1.1 200 OK"
2025-08-11 14:21:53,837 - INFO - HTTP Request: POST https://api.telegram.org/bot8295297553:AAEJcMSjez2HuDsD2x-bmokSgomsw7qd4J8/getUpdates "HTTP/1.1 200 OK"
2025-08-11 14:22:03,865 - INFO - HTTP Request: POST https://api.telegram.org/bot8295297553:AAEJcMSjez2HuDsD2x-bmokSgomsw7qd4J8/getUpdates "HTTP/1.1 200 OK"
2025-08-11 14:22:13,906 - INFO - HTTP Request: POST https://api.telegram.org/bot8295297553:AAEJcMSjez2HuDsD2x-bmokSgomsw7qd4J8/getUpdates "HTTP/1.1 200 OK"
2025-08-11 14:22:23,951 - INFO - HTTP Request: POST https://api.telegram.org/bot8295297553:AAEJcMSjez2HuDsD2x-bmokSgomsw7qd4J8/getUpdates "HTTP/1.1 200 OK"
2025-08-11 14:22:33,997 - INFO - HTTP Request: POST https://api.telegram.org/bot8295297553:AAEJcMSjez2HuDsD2x-bmokSgomsw7qd4J8/getUpdates "HTTP/1.1 200 OK"
2025-08-11 14:22:44,051 - INFO - HTTP Request: POST https://api.telegram.org/bot8295297553:AAEJcMSjez2HuDsD2x-bmokSgomsw7qd4J8/getUpdates "HTTP/1.1 200 OK"
2025-08-11 14:22:54,098 - INFO - HTTP Request: POST https://api.telegram.org/bot8295297553:AAEJcMSjez2HuDsD2x-bmokSgomsw7qd4J8/getUpdates "HTTP/1.1 200 OK"
2025-08-11 14:23:04,139 - INFO - HTTP Request: POST https://api.telegram.org/bot8295297553:AAEJcMSjez2HuDsD2x-bmokSgomsw7qd4J8/getUpdates "HTTP/1.1 200 OK"
2025-08-11 14:23:14,176 - INFO - HTTP Request: POST https://api.telegram.org/bot8295297553:AAEJcMSjez2HuDsD2x-bmokSgomsw7qd4J8/getUpdates "HTTP/1.1 200 OK"
2025-08-11 14:23:24,218 - INFO - HTTP Request: POST https://api.telegram.org/bot8295297553:AAEJcMSjez2HuDsD2x-bmokSgomsw7qd4J8/getUpdates "HTTP/1.1 200 OK"
2025-08-11 14:23:34,257 - INFO - HTTP Request: POST https://api.telegram.org/bot8295297553:AAEJcMSjez2HuDsD2x-bmokSgomsw7qd4J8/getUpdates "HTTP/1.1 200 OK"
2025-08-11 14:23:44,294 - INFO - HTTP Request: POST https://api.telegram.org/bot8295297553:AAEJcMSjez2HuDsD2x-bmokSgomsw7qd4J8/getUpdates "HTTP/1.1 200 OK"
2025-08-11 14:23:54,337 - INFO - HTTP Request: POST https://api.telegram.org/bot8295297553:AAEJcMSjez2HuDsD2x-bmokSgomsw7qd4J8/getUpdates "HTTP/1.1 200 OK"
2025-08-11 14:24:04,377 - INFO - HTTP Request: POST https://api.telegram.org/bot8295297553:AAEJcMSjez2HuDsD2x-bmokSgomsw7qd4J8/getUpdates "HTTP/1.1 200 OK"
2025-08-11 14:24:14,415 - INFO - HTTP Request: POST https://api.telegram.org/bot8295297553:AAEJcMSjez2HuDsD2x-bmokSgomsw7qd4J8/getUpdates "HTTP/1.1 200 OK"
2025-08-11 14:24:24,462 - INFO - HTTP Request: POST https://api.telegram.org/bot8295297553:AAEJcMSjez2HuDsD2x-bmokSgomsw7qd4J8/getUpdates "HTTP/1.1 200 OK"
2025-08-11 14:24:34,501 - INFO - HTTP Request: POST https://api.telegram.org/bot8295297553:AAEJcMSjez2HuDsD2x-bmokSgomsw7qd4J8/getUpdates "HTTP/1.1 200 OK"
2025-08-11 14:24:44,525 - INFO - HTTP Request: POST https://api.telegram.org/bot8295297553:AAEJcMSjez2HuDsD2x-bmokSgomsw7qd4J8/getUpdates "HTTP/1.1 200 OK"
2025-08-11 14:24:54,576 - INFO - HTTP Request: POST https://api.telegram.org/bot8295297553:AAEJcMSjez2HuDsD2x-bmokSgomsw7qd4J8/getUpdates "HTTP/1.1 200 OK"
2025-08-11 14:25:04,621 - INFO - HTTP Request: POST https://api.telegram.org/bot8295297553:AAEJcMSjez2HuDsD2x-bmokSgomsw7qd4J8/getUpdates "HTTP/1.1 200 OK"
2025-08-11 14:25:14,650 - INFO - HTTP Request: POST https://api.telegram.org/bot8295297553:AAEJcMSjez2HuDsD2x-bmokSgomsw7qd4J8/getUpdates "HTTP/1.1 200 OK"
2025-08-11 14:25:24,698 - INFO - HTTP Request: POST https://api.telegram.org/bot8295297553:AAEJcMSjez2HuDsD2x-bmokSgomsw7qd4J8/getUpdates "HTTP/1.1 200 OK"
2025-08-11 14:25:34,736 - INFO - HTTP Request: POST https://api.telegram.org/bot8295297553:AAEJcMSjez2HuDsD2x-bmokSgomsw7qd4J8/getUpdates "HTTP/1.1 200 OK"
2025-08-11 14:25:44,769 - INFO - HTTP Request: POST https://api.telegram.org/bot8295297553:AAEJcMSjez2HuDsD2x-bmokSgomsw7qd4J8/getUpdates "HTTP/1.1 200 OK"
2025-08-11 14:25:54,814 - INFO - HTTP Request: POST https://api.telegram.org/bot8295297553:AAEJcMSjez2HuDsD2x-bmokSgomsw7qd4J8/getUpdates "HTTP/1.1 200 OK"
2025-08-11 14:26:04,862 - INFO - HTTP Request: POST https://api.telegram.org/bot8295297553:AAEJcMSjez2HuDsD2x-bmokSgomsw7qd4J8/getUpdates "HTTP/1.1 200 OK"
2025-08-11 14:26:14,902 - INFO - HTTP Request: POST https://api.telegram.org/bot8295297553:AAEJcMSjez2HuDsD2x-bmokSgomsw7qd4J8/getUpdates "HTTP/1.1 200 OK"
2025-08-11 14:26:24,946 - INFO - HTTP Request: POST https://api.telegram.org/bot8295297553:AAEJcMSjez2HuDsD2x-bmokSgomsw7qd4J8/getUpdates "HTTP/1.1 200 OK"
2025-08-11 14:26:34,984 - INFO - HTTP Request: POST https://api.telegram.org/bot8295297553:AAEJcMSjez2HuDsD2x-bmokSgomsw7qd4J8/getUpdates "HTTP/1.1 200 OK"
2025-08-11 14:26:45,024 - INFO - HTTP Request: POST https://api.telegram.org/bot8295297553:AAEJcMSjez2HuDsD2x-bmokSgomsw7qd4J8/getUpdates "HTTP/1.1 200 OK"
2025-08-11 14:26:55,063 - INFO - HTTP Request: POST https://api.telegram.org/bot8295297553:AAEJcMSjez2HuDsD2x-bmokSgomsw7qd4J8/getUpdates "HTTP/1.1 200 OK"
2025-08-11 14:27:05,114 - INFO - HTTP Request: POST https://api.telegram.org/bot8295297553:AAEJcMSjez2HuDsD2x-bmokSgomsw7qd4J8/getUpdates "HTTP/1.1 200 OK"
2025-08-11 14:27:15,342 - INFO - HTTP Request: POST https://api.telegram.org/bot8295297553:AAEJcMSjez2HuDsD2x-bmokSgomsw7qd4J8/getUpdates "HTTP/1.1 200 OK"
2025-08-11 14:27:25,388 - INFO - HTTP Request: POST https://api.telegram.org/bot8295297553:AAEJcMSjez2HuDsD2x-bmokSgomsw7qd4J8/getUpdates "HTTP/1.1 200 OK"
2025-08-11 14:27:35,422 - INFO - HTTP Request: POST https://api.telegram.org/bot8295297553:AAEJcMSjez2HuDsD2x-bmokSgomsw7qd4J8/getUpdates "HTTP/1.1 200 OK"
2025-08-11 14:27:45,469 - INFO - HTTP Request: POST https://api.telegram.org/bot8295297553:AAEJcMSjez2HuDsD2x-bmokSgomsw7qd4J8/getUpdates "HTTP/1.1 200 OK"
2025-08-11 14:27:55,507 - INFO - HTTP Request: POST https://api.telegram.org/bot8295297553:AAEJcMSjez2HuDsD2x-bmokSgomsw7qd4J8/getUpdates "HTTP/1.1 200 OK"
2025-08-11 14:28:05,575 - INFO - HTTP Request: POST https://api.telegram.org/bot8295297553:AAEJcMSjez2HuDsD2x-bmokSgomsw7qd4J8/getUpdates "HTTP/1.1 200 OK"
2025-08-11 14:28:15,616 - INFO - HTTP Request: POST https://api.telegram.org/bot8295297553:AAEJcMSjez2HuDsD2x-bmokSgomsw7qd4J8/getUpdates "HTTP/1.1 200 OK"
2025-08-11 14:28:25,661 - INFO - HTTP Request: POST https://api.telegram.org/bot8295297553:AAEJcMSjez2HuDsD2x-bmokSgomsw7qd4J8/getUpdates "HTTP/1.1 200 OK"
2025-08-11 14:28:35,702 - INFO - HTTP Request: POST https://api.telegram.org/bot8295297553:AAEJcMSjez2HuDsD2x-bmokSgomsw7qd4J8/getUpdates "HTTP/1.1 200 OK"
2025-08-11 14:28:45,753 - INFO - HTTP Request: POST https://api.telegram.org/bot8295297553:AAEJcMSjez2HuDsD2x-bmokSgomsw7qd4J8/getUpdates "HTTP/1.1 200 OK"
2025-08-11 14:28:55,797 - INFO - HTTP Request: POST https://api.telegram.org/bot8295297553:AAEJcMSjez2HuDsD2x-bmokSgomsw7qd4J8/getUpdates "HTTP/1.1 200 OK"
2025-08-11 14:29:05,841 - INFO - HTTP Request: POST https://api.telegram.org/bot8295297553:AAEJcMSjez2HuDsD2x-bmokSgomsw7qd4J8/getUpdates "HTTP/1.1 200 OK"
2025-08-11 14:29:15,877 - INFO - HTTP Request: POST https://api.telegram.org/bot8295297553:AAEJcMSjez2HuDsD2x-bmokSgomsw7qd4J8/getUpdates "HTTP/1.1 200 OK"
2025-08-11 14:29:25,938 - INFO - HTTP Request: POST https://api.telegram.org/bot8295297553:AAEJcMSjez2HuDsD2x-bmokSgomsw7qd4J8/getUpdates "HTTP/1.1 200 OK"
2025-08-11 14:29:35,976 - INFO - HTTP Request: POST https://api.telegram.org/bot8295297553:AAEJcMSjez2HuDsD2x-bmokSgomsw7qd4J8/getUpdates "HTTP/1.1 200 OK"
2025-08-11 14:29:46,012 - INFO - HTTP Request: POST https://api.telegram.org/bot8295297553:AAEJcMSjez2HuDsD2x-bmokSgomsw7qd4J8/getUpdates "HTTP/1.1 200 OK"
2025-08-11 14:29:56,050 - INFO - HTTP Request: POST https://api.telegram.org/bot8295297553:AAEJcMSjez2HuDsD2x-bmokSgomsw7qd4J8/getUpdates "HTTP/1.1 200 OK"
2025-08-11 14:30:06,104 - INFO - HTTP Request: POST https://api.telegram.org/bot8295297553:AAEJcMSjez2HuDsD2x-bmokSgomsw7qd4J8/getUpdates "HTTP/1.1 200 OK"
2025-08-11 14:30:16,154 - INFO - HTTP Request: POST https://api.telegram.org/bot8295297553:AAEJcMSjez2HuDsD2x-bmokSgomsw7qd4J8/getUpdates "HTTP/1.1 200 OK"
2025-08-11 14:30:26,194 - INFO - HTTP Request: POST https://api.telegram.org/bot8295297553:AAEJcMSjez2HuDsD2x-bmokSgomsw7qd4J8/getUpdates "HTTP/1.1 200 OK"
2025-08-11 14:30:36,239 - INFO - HTTP Request: POST https://api.telegram.org/bot8295297553:AAEJcMSjez2HuDsD2x-bmokSgomsw7qd4J8/getUpdates "HTTP/1.1 200 OK"
2025-08-11 14:30:39,404 - INFO - HTTP Request: POST https://api.telegram.org/bot8295297553:AAEJcMSjez2HuDsD2x-bmokSgomsw7qd4J8/getUpdates "HTTP/1.1 200 OK"
2025-08-11 14:30:39,406 - INFO - Application is stopping. This might take a moment.
2025-08-11 14:30:39,406 - INFO - Application.stop() complete
2025-08-11 14:30:48,413 - INFO - HTTP Request: POST https://api.telegram.org/bot8295297553:AAEJcMSjez2HuDsD2x-bmokSgomsw7qd4J8/setMyCommands "HTTP/1.1 200 OK"
2025-08-11 14:32:30,106 - INFO - HTTP Request: POST https://api.telegram.org/bot8295297553:AAEJcMSjez2HuDsD2x-bmokSgomsw7qd4J8/setMyCommands "HTTP/1.1 200 OK"
2025-08-11 14:34:13,273 - INFO - HTTP Request: POST https://api.telegram.org/bot8295297553:AAEJcMSjez2HuDsD2x-bmokSgomsw7qd4J8/setMyCommands "HTTP/1.1 200 OK"
2025-08-11 14:39:38,351 - INFO - HTTP Request: POST https://api.telegram.org/bot8295297553:AAEJcMSjez2HuDsD2x-bmokSgomsw7qd4J8/setMyCommands "HTTP/1.1 200 OK"
2025-08-11 14:40:49,469 - INFO - HTTP Request: POST https://api.telegram.org/bot8295297553:AAEJcMSjez2HuDsD2x-bmokSgomsw7qd4J8/setMyCommands "HTTP/1.1 200 OK"
2025-08-11 14:54:59,830 - INFO - HTTP Request: POST https://api.telegram.org/bot8295297553:AAEJcMSjez2HuDsD2x-bmokSgomsw7qd4J8/setMyCommands "HTTP/1.1 200 OK"
2025-08-11 14:56:53,308 - INFO - HTTP Request: POST https://api.telegram.org/bot8295297553:AAEJcMSjez2HuDsD2x-bmokSgomsw7qd4J8/setMyCommands "HTTP/1.1 200 OK"
2025-08-11 14:59:08,834 - INFO - HTTP Request: POST https://api.telegram.org/bot8295297553:AAEJcMSjez2HuDsD2x-bmokSgomsw7qd4J8/setMyCommands "HTTP/1.1 200 OK"
2025-08-11 14:59:09,017 - INFO - HTTP Request: POST https://api.telegram.org/bot8295297553:AAEJcMSjez2HuDsD2x-bmokSgomsw7qd4J8/getMe "HTTP/1.1 200 OK"
2025-08-11 14:59:09,066 - INFO - HTTP Request: POST https://api.telegram.org/bot8295297553:AAEJcMSjez2HuDsD2x-bmokSgomsw7qd4J8/deleteWebhook "HTTP/1.1 200 OK"
2025-08-11 14:59:09,067 - INFO - Application started
2025-08-11 14:59:19,199 - INFO - HTTP Request: POST https://api.telegram.org/bot8295297553:AAEJcMSjez2HuDsD2x-bmokSgomsw7qd4J8/getUpdates "HTTP/1.1 200 OK"
2025-08-11 14:59:25,272 - INFO - HTTP Request: POST https://api.telegram.org/bot8295297553:AAEJcMSjez2HuDsD2x-bmokSgomsw7qd4J8/getUpdates "HTTP/1.1 200 OK"
2025-08-11 14:59:25,471 - INFO - HTTP Request: POST https://api.telegram.org/bot8295297553:AAEJcMSjez2HuDsD2x-bmokSgomsw7qd4J8/sendMessage "HTTP/1.1 200 OK"
2025-08-11 14:59:25,473 - INFO - User 423368779 запустил /start
2025-08-11 14:59:35,321 - INFO - HTTP Request: POST https://api.telegram.org/bot8295297553:AAEJcMSjez2HuDsD2x-bmokSgomsw7qd4J8/getUpdates "HTTP/1.1 200 OK"
2025-08-11 14:59:35,527 - INFO - HTTP Request: POST https://api.telegram.org/bot8295297553:AAEJcMSjez2HuDsD2x-bmokSgomsw7qd4J8/sendMessage "HTTP/1.1 200 OK"
2025-08-11 14:59:45,368 - INFO - HTTP Request: POST https://api.telegram.org/bot8295297553:AAEJcMSjez2HuDsD2x-bmokSgomsw7qd4J8/getUpdates "HTTP/1.1 200 OK"
2025-08-11 14:59:54,704 - INFO - HTTP Request: POST https://api.telegram.org/bot8295297553:AAEJcMSjez2HuDsD2x-bmokSgomsw7qd4J8/getUpdates "HTTP/1.1 200 OK"
2025-08-11 14:59:54,855 - INFO - HTTP Request: POST https://api.telegram.org/bot8295297553:AAEJcMSjez2HuDsD2x-bmokSgomsw7qd4J8/sendMessage "HTTP/1.1 200 OK"
2025-08-11 15:00:04,745 - INFO - HTTP Request: POST https://api.telegram.org/bot8295297553:AAEJcMSjez2HuDsD2x-bmokSgomsw7qd4J8/getUpdates "HTTP/1.1 200 OK"
2025-08-11 15:00:14,814 - INFO - HTTP Request: POST https://api.telegram.org/bot8295297553:AAEJcMSjez2HuDsD2x-bmokSgomsw7qd4J8/getUpdates "HTTP/1.1 200 OK"
2025-08-11 15:00:24,865 - INFO - HTTP Request: POST https://api.telegram.org/bot8295297553:AAEJcMSjez2HuDsD2x-bmokSgomsw7qd4J8/getUpdates "HTTP/1.1 200 OK"
2025-08-11 15:00:34,926 - INFO - HTTP Request: POST https://api.telegram.org/bot8295297553:AAEJcMSjez2HuDsD2x-bmokSgomsw7qd4J8/getUpdates "HTTP/1.1 200 OK"
2025-08-11 15:00:44,980 - INFO - HTTP Request: POST https://api.telegram.org/bot8295297553:AAEJcMSjez2HuDsD2x-bmokSgomsw7qd4J8/getUpdates "HTTP/1.1 200 OK"
2025-08-11 15:00:55,042 - INFO - HTTP Request: POST https://api.telegram.org/bot8295297553:AAEJcMSjez2HuDsD2x-bmokSgomsw7qd4J8/getUpdates "HTTP/1.1 200 OK"
2025-08-11 15:01:05,082 - INFO - HTTP Request: POST https://api.telegram.org/bot8295297553:AAEJcMSjez2HuDsD2x-bmokSgomsw7qd4J8/getUpdates "HTTP/1.1 200 OK"
2025-08-11 15:01:15,135 - INFO - HTTP Request: POST https://api.telegram.org/bot8295297553:AAEJcMSjez2HuDsD2x-bmokSgomsw7qd4J8/getUpdates "HTTP/1.1 200 OK"
2025-08-11 15:01:25,175 - INFO - HTTP Request: POST https://api.telegram.org/bot8295297553:AAEJcMSjez2HuDsD2x-bmokSgomsw7qd4J8/getUpdates "HTTP/1.1 200 OK"
2025-08-11 15:01:35,227 - INFO - HTTP Request: POST https://api.telegram.org/bot8295297553:AAEJcMSjez2HuDsD2x-bmokSgomsw7qd4J8/getUpdates "HTTP/1.1 200 OK"
2025-08-11 15:01:45,284 - INFO - HTTP Request: POST https://api.telegram.org/bot8295297553:AAEJcMSjez2HuDsD2x-bmokSgomsw7qd4J8/getUpdates "HTTP/1.1 200 OK"
2025-08-11 15:01:55,328 - INFO - HTTP Request: POST https://api.telegram.org/bot8295297553:AAEJcMSjez2HuDsD2x-bmokSgomsw7qd4J8/getUpdates "HTTP/1.1 200 OK"
2025-08-11 15:02:05,383 - INFO - HTTP Request: POST https://api.telegram.org/bot8295297553:AAEJcMSjez2HuDsD2x-bmokSgomsw7qd4J8/getUpdates "HTTP/1.1 200 OK"
2025-08-11 15:02:15,445 - INFO - HTTP Request: POST https://api.telegram.org/bot8295297553:AAEJcMSjez2HuDsD2x-bmokSgomsw7qd4J8/getUpdates "HTTP/1.1 200 OK"
2025-08-11 15:02:25,497 - INFO - HTTP Request: POST https://api.telegram.org/bot8295297553:AAEJcMSjez2HuDsD2x-bmokSgomsw7qd4J8/getUpdates "HTTP/1.1 200 OK"
2025-08-11 15:02:35,538 - INFO - HTTP Request: POST https://api.telegram.org/bot8295297553:AAEJcMSjez2HuDsD2x-bmokSgomsw7qd4J8/getUpdates "HTTP/1.1 200 OK"
2025-08-11 15:02:45,587 - INFO - HTTP Request: POST https://api.telegram.org/bot8295297553:AAEJcMSjez2HuDsD2x-bmokSgomsw7qd4J8/getUpdates "HTTP/1.1 200 OK"
2025-08-11 15:02:55,641 - INFO - HTTP Request: POST https://api.telegram.org/bot8295297553:AAEJcMSjez2HuDsD2x-bmokSgomsw7qd4J8/getUpdates "HTTP/1.1 200 OK"
2025-08-11 15:03:05,683 - INFO - HTTP Request: POST https://api.telegram.org/bot8295297553:AAEJcMSjez2HuDsD2x-bmokSgomsw7qd4J8/getUpdates "HTTP/1.1 200 OK"
2025-08-11 15:03:15,724 - INFO - HTTP Request: POST https://api.telegram.org/bot8295297553:AAEJcMSjez2HuDsD2x-bmokSgomsw7qd4J8/getUpdates "HTTP/1.1 200 OK"
2025-08-11 15:03:25,772 - INFO - HTTP Request: POST https://api.telegram.org/bot8295297553:AAEJcMSjez2HuDsD2x-bmokSgomsw7qd4J8/getUpdates "HTTP/1.1 200 OK"
2025-08-11 15:03:35,824 - INFO - HTTP Request: POST https://api.telegram.org/bot8295297553:AAEJcMSjez2HuDsD2x-bmokSgomsw7qd4J8/getUpdates "HTTP/1.1 200 OK"
2025-08-11 15:03:45,865 - INFO - HTTP Request: POST https://api.telegram.org/bot8295297553:AAEJcMSjez2HuDsD2x-bmokSgomsw7qd4J8/getUpdates "HTTP/1.1 200 OK"
2025-08-11 15:03:55,924 - INFO - HTTP Request: POST https://api.telegram.org/bot8295297553:AAEJcMSjez2HuDsD2x-bmokSgomsw7qd4J8/getUpdates "HTTP/1.1 200 OK"
2025-08-11 15:04:05,967 - INFO - HTTP Request: POST https://api.telegram.org/bot8295297553:AAEJcMSjez2HuDsD2x-bmokSgomsw7qd4J8/getUpdates "HTTP/1.1 200 OK"
2025-08-11 15:04:16,014 - INFO - HTTP Request: POST https://api.telegram.org/bot8295297553:AAEJcMSjez2HuDsD2x-bmokSgomsw7qd4J8/getUpdates "HTTP/1.1 200 OK"
2025-08-11 15:04:26,055 - INFO - HTTP Request: POST https://api.telegram.org/bot8295297553:AAEJcMSjez2HuDsD2x-bmokSgomsw7qd4J8/getUpdates "HTTP/1.1 200 OK"
2025-08-11 15:04:36,096 - INFO - HTTP Request: POST https://api.telegram.org/bot8295297553:AAEJcMSjez2HuDsD2x-bmokSgomsw7qd4J8/getUpdates "HTTP/1.1 200 OK"
2025-08-11 15:04:46,151 - INFO - HTTP Request: POST https://api.telegram.org/bot8295297553:AAEJcMSjez2HuDsD2x-bmokSgomsw7qd4J8/getUpdates "HTTP/1.1 200 OK"
2025-08-11 15:04:56,200 - INFO - HTTP Request: POST https://api.telegram.org/bot8295297553:AAEJcMSjez2HuDsD2x-bmokSgomsw7qd4J8/getUpdates "HTTP/1.1 200 OK"
2025-08-11 15:05:06,243 - INFO - HTTP Request: POST https://api.telegram.org/bot8295297553:AAEJcMSjez2HuDsD2x-bmokSgomsw7qd4J8/getUpdates "HTTP/1.1 200 OK"
2025-08-11 15:05:16,291 - INFO - HTTP Request: POST https://api.telegram.org/bot8295297553:AAEJcMSjez2HuDsD2x-bmokSgomsw7qd4J8/getUpdates "HTTP/1.1 200 OK"
2025-08-11 15:05:26,331 - INFO - HTTP Request: POST https://api.telegram.org/bot8295297553:AAEJcMSjez2HuDsD2x-bmokSgomsw7qd4J8/getUpdates "HTTP/1.1 200 OK"
2025-08-11 15:05:36,393 - INFO - HTTP Request: POST https://api.telegram.org/bot8295297553:AAEJcMSjez2HuDsD2x-bmokSgomsw7qd4J8/getUpdates "HTTP/1.1 200 OK"
2025-08-11 15:05:46,437 - INFO - HTTP Request: POST https://api.telegram.org/bot8295297553:AAEJcMSjez2HuDsD2x-bmokSgomsw7qd4J8/getUpdates "HTTP/1.1 200 OK"
2025-08-11 15:05:56,479 - INFO - HTTP Request: POST https://api.telegram.org/bot8295297553:AAEJcMSjez2HuDsD2x-bmokSgomsw7qd4J8/getUpdates "HTTP/1.1 200 OK"
2025-08-11 15:06:06,535 - INFO - HTTP Request: POST https://api.telegram.org/bot8295297553:AAEJcMSjez2HuDsD2x-bmokSgomsw7qd4J8/getUpdates "HTTP/1.1 200 OK"
2025-08-11 15:06:16,574 - INFO - HTTP Request: POST https://api.telegram.org/bot8295297553:AAEJcMSjez2HuDsD2x-bmokSgomsw7qd4J8/getUpdates "HTTP/1.1 200 OK"
2025-08-11 15:06:26,615 - INFO - HTTP Request: POST https://api.telegram.org/bot8295297553:AAEJcMSjez2HuDsD2x-bmokSgomsw7qd4J8/getUpdates "HTTP/1.1 200 OK"
2025-08-11 15:06:36,657 - INFO - HTTP Request: POST https://api.telegram.org/bot8295297553:AAEJcMSjez2HuDsD2x-bmokSgomsw7qd4J8/getUpdates "HTTP/1.1 200 OK"
2025-08-11 15:06:46,694 - INFO - HTTP Request: POST https://api.telegram.org/bot8295297553:AAEJcMSjez2HuDsD2x-bmokSgomsw7qd4J8/getUpdates "HTTP/1.1 200 OK"
2025-08-11 15:06:56,743 - INFO - HTTP Request: POST https://api.telegram.org/bot8295297553:AAEJcMSjez2HuDsD2x-bmokSgomsw7qd4J8/getUpdates "HTTP/1.1 200 OK"
2025-08-11 15:07:06,797 - INFO - HTTP Request: POST https://api.telegram.org/bot8295297553:AAEJcMSjez2HuDsD2x-bmokSgomsw7qd4J8/getUpdates "HTTP/1.1 200 OK"
2025-08-11 15:07:16,858 - INFO - HTTP Request: POST https://api.telegram.org/bot8295297553:AAEJcMSjez2HuDsD2x-bmokSgomsw7qd4J8/getUpdates "HTTP/1.1 200 OK"
2025-08-11 15:07:26,920 - INFO - HTTP Request: POST https://api.telegram.org/bot8295297553:AAEJcMSjez2HuDsD2x-bmokSgomsw7qd4J8/getUpdates "HTTP/1.1 200 OK"
2025-08-11 15:07:36,973 - INFO - HTTP Request: POST https://api.telegram.org/bot8295297553:AAEJcMSjez2HuDsD2x-bmokSgomsw7qd4J8/getUpdates "HTTP/1.1 200 OK"
2025-08-11 15:07:47,024 - INFO - HTTP Request: POST https://api.telegram.org/bot8295297553:AAEJcMSjez2HuDsD2x-bmokSgomsw7qd4J8/getUpdates "HTTP/1.1 200 OK"
2025-08-11 15:07:57,063 - INFO - HTTP Request: POST https://api.telegram.org/bot8295297553:AAEJcMSjez2HuDsD2x-bmokSgomsw7qd4J8/getUpdates "HTTP/1.1 200 OK"
2025-08-11 15:08:07,111 - INFO - HTTP Request: POST https://api.telegram.org/bot8295297553:AAEJcMSjez2HuDsD2x-bmokSgomsw7qd4J8/getUpdates "HTTP/1.1 200 OK"
2025-08-11 15:08:17,160 - INFO - HTTP Request: POST https://api.telegram.org/bot8295297553:AAEJcMSjez2HuDsD2x-bmokSgomsw7qd4J8/getUpdates "HTTP/1.1 200 OK"
2025-08-11 15:08:27,208 - INFO - HTTP Request: POST https://api.telegram.org/bot8295297553:AAEJcMSjez2HuDsD2x-bmokSgomsw7qd4J8/getUpdates "HTTP/1.1 200 OK"
2025-08-11 15:08:37,252 - INFO - HTTP Request: POST https://api.telegram.org/bot8295297553:AAEJcMSjez2HuDsD2x-bmokSgomsw7qd4J8/getUpdates "HTTP/1.1 200 OK"
2025-08-11 15:08:47,299 - INFO - HTTP Request: POST https://api.telegram.org/bot8295297553:AAEJcMSjez2HuDsD2x-bmokSgomsw7qd4J8/getUpdates "HTTP/1.1 200 OK"
2025-08-11 15:08:57,345 - INFO - HTTP Request: POST https://api.telegram.org/bot8295297553:AAEJcMSjez2HuDsD2x-bmokSgomsw7qd4J8/getUpdates "HTTP/1.1 200 OK"
2025-08-11 15:09:07,384 - INFO - HTTP Request: POST https://api.telegram.org/bot8295297553:AAEJcMSjez2HuDsD2x-bmokSgomsw7qd4J8/getUpdates "HTTP/1.1 200 OK"
2025-08-11 15:09:17,433 - INFO - HTTP Request: POST https://api.telegram.org/bot8295297553:AAEJcMSjez2HuDsD2x-bmokSgomsw7qd4J8/getUpdates "HTTP/1.1 200 OK"
2025-08-11 15:09:27,485 - INFO - HTTP Request: POST https://api.telegram.org/bot8295297553:AAEJcMSjez2HuDsD2x-bmokSgomsw7qd4J8/getUpdates "HTTP/1.1 200 OK"
2025-08-11 15:09:37,525 - INFO - HTTP Request: POST https://api.telegram.org/bot8295297553:AAEJcMSjez2HuDsD2x-bmokSgomsw7qd4J8/getUpdates "HTTP/1.1 200 OK"
2025-08-11 15:09:47,567 - INFO - HTTP Request: POST https://api.telegram.org/bot8295297553:AAEJcMSjez2HuDsD2x-bmokSgomsw7qd4J8/getUpdates "HTTP/1.1 200 OK"
2025-08-11 15:09:57,608 - INFO - HTTP Request: POST https://api.telegram.org/bot8295297553:AAEJcMSjez2HuDsD2x-bmokSgomsw7qd4J8/getUpdates "HTTP/1.1 200 OK"
2025-08-11 15:10:07,654 - INFO - HTTP Request: POST https://api.telegram.org/bot8295297553:AAEJcMSjez2HuDsD2x-bmokSgomsw7qd4J8/getUpdates "HTTP/1.1 200 OK"
2025-08-11 15:10:17,713 - INFO - HTTP Request: POST https://api.telegram.org/bot8295297553:AAEJcMSjez2HuDsD2x-bmokSgomsw7qd4J8/getUpdates "HTTP/1.1 200 OK"
2025-08-11 15:10:27,774 - INFO - HTTP Request: POST https://api.telegram.org/bot8295297553:AAEJcMSjez2HuDsD2x-bmokSgomsw7qd4J8/getUpdates "HTTP/1.1 200 OK"
2025-08-11 15:10:37,831 - INFO - HTTP Request: POST https://api.telegram.org/bot8295297553:AAEJcMSjez2HuDsD2x-bmokSgomsw7qd4J8/getUpdates "HTTP/1.1 200 OK"
2025-08-11 15:10:47,886 - INFO - HTTP Request: POST https://api.telegram.org/bot8295297553:AAEJcMSjez2HuDsD2x-bmokSgomsw7qd4J8/getUpdates "HTTP/1.1 200 OK"
2025-08-11 15:10:57,941 - INFO - HTTP Request: POST https://api.telegram.org/bot8295297553:AAEJcMSjez2HuDsD2x-bmokSgomsw7qd4J8/getUpdates "HTTP/1.1 200 OK"
2025-08-11 15:11:07,982 - INFO - HTTP Request: POST https://api.telegram.org/bot8295297553:AAEJcMSjez2HuDsD2x-bmokSgomsw7qd4J8/getUpdates "HTTP/1.1 200 OK"
2025-08-11 15:11:18,027 - INFO - HTTP Request: POST https://api.telegram.org/bot8295297553:AAEJcMSjez2HuDsD2x-bmokSgomsw7qd4J8/getUpdates "HTTP/1.1 200 OK"
2025-08-11 15:11:28,079 - INFO - HTTP Request: POST https://api.telegram.org/bot8295297553:AAEJcMSjez2HuDsD2x-bmokSgomsw7qd4J8/getUpdates "HTTP/1.1 200 OK"
2025-08-11 15:11:38,159 - INFO - HTTP Request: POST https://api.telegram.org/bot8295297553:AAEJcMSjez2HuDsD2x-bmokSgomsw7qd4J8/getUpdates "HTTP/1.1 200 OK"
2025-08-11 15:11:48,196 - INFO - HTTP Request: POST https://api.telegram.org/bot8295297553:AAEJcMSjez2HuDsD2x-bmokSgomsw7qd4J8/getUpdates "HTTP/1.1 200 OK"
2025-08-11 15:11:58,249 - INFO - HTTP Request: POST https://api.telegram.org/bot8295297553:AAEJcMSjez2HuDsD2x-bmokSgomsw7qd4J8/getUpdates "HTTP/1.1 200 OK"
2025-08-11 15:12:08,309 - INFO - HTTP Request: POST https://api.telegram.org/bot8295297553:AAEJcMSjez2HuDsD2x-bmokSgomsw7qd4J8/getUpdates "HTTP/1.1 200 OK"
2025-08-11 15:12:18,356 - INFO - HTTP Request: POST https://api.telegram.org/bot8295297553:AAEJcMSjez2HuDsD2x-bmokSgomsw7qd4J8/getUpdates "HTTP/1.1 200 OK"
2025-08-11 15:12:28,419 - INFO - HTTP Request: POST https://api.telegram.org/bot8295297553:AAEJcMSjez2HuDsD2x-bmokSgomsw7qd4J8/getUpdates "HTTP/1.1 200 OK"
2025-08-11 15:12:38,477 - INFO - HTTP Request: POST https://api.telegram.org/bot8295297553:AAEJcMSjez2HuDsD2x-bmokSgomsw7qd4J8/getUpdates "HTTP/1.1 200 OK"
2025-08-11 15:12:48,514 - INFO - HTTP Request: POST https://api.telegram.org/bot8295297553:AAEJcMSjez2HuDsD2x-bmokSgomsw7qd4J8/getUpdates "HTTP/1.1 200 OK"
2025-08-11 15:12:58,565 - INFO - HTTP Request: POST https://api.telegram.org/bot8295297553:AAEJcMSjez2HuDsD2x-bmokSgomsw7qd4J8/getUpdates "HTTP/1.1 200 OK"
2025-08-11 15:12:58,612 - INFO - HTTP Request: POST https://api.telegram.org/bot8295297553:AAEJcMSjez2HuDsD2x-bmokSgomsw7qd4J8/getUpdates "HTTP/1.1 200 OK"
2025-08-11 15:12:58,612 - INFO - Application is stopping. This might take a moment.
2025-08-11 15:12:58,612 - INFO - Application.stop() complete
